<?xml version="1.0" encoding="UTF-8"?>
<testng-results ignored="0" total="1" passed="1" failed="0" skipped="0">
  <reporter-output>
  </reporter-output>
  <suite started-at="2018-03-19T08:08:25Z" name="Default suite" finished-at="2018-03-19T08:08:39Z" duration-ms="13450">
    <groups>
    </groups>
    <test started-at="2018-03-19T08:08:25Z" name="Default test" finished-at="2018-03-19T08:08:39Z" duration-ms="13450">
      <class name="Programs.ListHandling">
        <test-method is-config="true" signature="SetUp()[pri:0, instance:Programs.ListHandling@53fdffa1]" started-at="2018-03-19T08:08:25Z" name="SetUp" finished-at="2018-03-19T08:08:36Z" duration-ms="11013" status="PASS">
          <reporter-output>
          </reporter-output>
        </test-method> <!-- SetUp -->
        <test-method signature="f()[pri:0, instance:Programs.ListHandling@53fdffa1]" started-at="2018-03-19T08:08:36Z" name="f" finished-at="2018-03-19T08:08:38Z" duration-ms="1525" status="PASS">
          <reporter-output>
          </reporter-output>
        </test-method> <!-- f -->
        <test-method is-config="true" signature="TearDown()[pri:0, instance:Programs.ListHandling@53fdffa1]" started-at="2018-03-19T08:08:38Z" name="TearDown" finished-at="2018-03-19T08:08:39Z" duration-ms="886" status="PASS">
          <reporter-output>
          </reporter-output>
        </test-method> <!-- TearDown -->
      </class> <!-- Programs.ListHandling -->
    </test> <!-- Default test -->
  </suite> <!-- Default suite -->
</testng-results>
