<?xml version="1.0" encoding="UTF-8"?>
<!-- Generated by org.testng.reporters.JUnitXMLReporter -->
<testsuite ignored="0" hostname="surendra" failures="0" tests="1" name="TestBestBuy" time="0.105" errors="0" timestamp="14 Mar 2018 12:22:08 GMT">
  <testcase classname="Programs.BestBuy" name="@BeforeMethod Setup" time="0.016">
    <failure type="java.lang.NullPointerException">
      <![CDATA[java.lang.NullPointerException
at Programs.BestBuy.Setup(BestBuy.java:28)
... Removed 28 stack frames]]>
    </failure>
  </testcase> <!-- @BeforeMethod Setup -->
  <testcase classname="Programs.BestBuy" name="@AfterMethod NavigateBack" time="0.0">
    <skipped/>
  </testcase> <!-- @AfterMethod NavigateBack -->
  <testcase classname="Programs.BestBuy" name="BestBuyAddtoCart" time="0.0">
    <skipped/>
  </testcase> <!-- BestBuyAddtoCart -->
</testsuite> <!-- TestBestBuy -->
